Performing C SOURCE FILE Test CMAKE_HAVE_LIBC_PTHREAD failed with the following output:
Change Dir: /media/sf_Comp/0Linux/college_ITA/lab_05/Build/CMakeFiles/CMakeTmp

Run Build Command(s):/usr/bin/make cmTC_17474/fast && make: Warning: File 'Makefile' has modification time 0.28 s in the future
/usr/bin/make -f CMakeFiles/cmTC_17474.dir/build.make CMakeFiles/cmTC_17474.dir/build
make[1]: Entering directory '/media/sf_Comp/0Linux/college_ITA/lab_05/Build/CMakeFiles/CMakeTmp'
make[1]: Warning: File 'CMakeFiles/cmTC_17474.dir/flags.make' has modification time 0.27 s in the future
Building C object CMakeFiles/cmTC_17474.dir/src.c.o
/usr/bin/cc   -DCMAKE_HAVE_LIBC_PTHREAD   -o CMakeFiles/cmTC_17474.dir/src.c.o   -c /media/sf_Comp/0Linux/college_ITA/lab_05/Build/CMakeFiles/CMakeTmp/src.c
Linking C executable cmTC_17474
/usr/bin/cmake -E cmake_link_script CMakeFiles/cmTC_17474.dir/link.txt --verbose=1
/usr/bin/cc  -DCMAKE_HAVE_LIBC_PTHREAD    -rdynamic CMakeFiles/cmTC_17474.dir/src.c.o  -o cmTC_17474 
/usr/bin/ld: CMakeFiles/cmTC_17474.dir/src.c.o: in function `main':
src.c:(.text+0x2f): undefined reference to `pthread_create'
/usr/bin/ld: src.c:(.text+0x3b): undefined reference to `pthread_detach'
/usr/bin/ld: src.c:(.text+0x4c): undefined reference to `pthread_join'
collect2: error: ld returned 1 exit status
make[1]: *** [CMakeFiles/cmTC_17474.dir/build.make:87: cmTC_17474] Error 1
make[1]: Leaving directory '/media/sf_Comp/0Linux/college_ITA/lab_05/Build/CMakeFiles/CMakeTmp'
make: *** [Makefile:121: cmTC_17474/fast] Error 2


Source file was:
#include <pthread.h>

void* test_func(void* data)
{
  return data;
}

int main(void)
{
  pthread_t thread;
  pthread_create(&thread, NULL, test_func, NULL);
  pthread_detach(thread);
  pthread_join(thread, NULL);
  pthread_atfork(NULL, NULL, NULL);
  pthread_exit(NULL);

  return 0;
}

Determining if the function pthread_create exists in the pthreads failed with the following output:
Change Dir: /media/sf_Comp/0Linux/college_ITA/lab_05/Build/CMakeFiles/CMakeTmp

Run Build Command(s):/usr/bin/make cmTC_5832f/fast && make: Warning: File 'Makefile' has modification time 0.28 s in the future
/usr/bin/make -f CMakeFiles/cmTC_5832f.dir/build.make CMakeFiles/cmTC_5832f.dir/build
make[1]: Entering directory '/media/sf_Comp/0Linux/college_ITA/lab_05/Build/CMakeFiles/CMakeTmp'
make[1]: Warning: File 'CMakeFiles/cmTC_5832f.dir/flags.make' has modification time 0.27 s in the future
Building C object CMakeFiles/cmTC_5832f.dir/CheckFunctionExists.c.o
/usr/bin/cc   -DCHECK_FUNCTION_EXISTS=pthread_create   -o CMakeFiles/cmTC_5832f.dir/CheckFunctionExists.c.o   -c /usr/share/cmake-3.16/Modules/CheckFunctionExists.c
Linking C executable cmTC_5832f
/usr/bin/cmake -E cmake_link_script CMakeFiles/cmTC_5832f.dir/link.txt --verbose=1
/usr/bin/cc  -DCHECK_FUNCTION_EXISTS=pthread_create    -rdynamic CMakeFiles/cmTC_5832f.dir/CheckFunctionExists.c.o  -o cmTC_5832f  -lpthreads 
/usr/bin/ld: cannot find -lpthreads
collect2: error: ld returned 1 exit status
make[1]: *** [CMakeFiles/cmTC_5832f.dir/build.make:87: cmTC_5832f] Error 1
make[1]: Leaving directory '/media/sf_Comp/0Linux/college_ITA/lab_05/Build/CMakeFiles/CMakeTmp'
make: *** [Makefile:121: cmTC_5832f/fast] Error 2



